Wed Jul 15 08:43:20 UTC 2026 :: 7850 :: activity
Wed Jul 15 08:46:05 UTC 2026 :: 13460 :: activity
Wed Jul 15 08:49:18 UTC 2026 :: 24528 :: activity
Wed Jul 15 08:51:02 UTC 2026 :: 27523 :: activity
Wed Jul 15 11:00:21 UTC 2026 :: 16008 :: activity
Wed Jul 15 11:04:03 UTC 2026 :: 23518 :: activity
Wed Jul 15 11:05:12 UTC 2026 :: 4835 :: activity
Wed Jul 15 11:07:14 UTC 2026 :: 25704 :: activity
Wed Jul 15 14:45:41 UTC 2026 :: 13601 :: activity
Wed Jul 15 14:48:42 UTC 2026 :: 3596 :: activity
Wed Jul 15 16:58:18 UTC 2026 :: 23928 :: activity
Wed Jul 15 17:07:26 UTC 2026 :: 21886 :: activity
Wed Jul 15 17:10:01 UTC 2026 :: 25039 :: activity
Wed Jul 15 17:11:49 UTC 2026 :: 3097 :: activity
Wed Jul 15 19:35:56 UTC 2026 :: 11318 :: activity
Wed Jul 15 19:38:51 UTC 2026 :: 2366 :: activity
Wed Jul 15 22:47:45 UTC 2026 :: 5802 :: activity
Wed Jul 15 22:49:32 UTC 2026 :: 6203 :: activity
Thu Jul 16 09:04:17 UTC 2026 :: 13768 :: activity
Thu Jul 16 09:07:12 UTC 2026 :: 20888 :: activity
Thu Jul 16 09:09:43 UTC 2026 :: 22436 :: activity
Thu Jul 16 09:10:15 UTC 2026 :: 10265 :: activity
Thu Jul 16 11:12:48 UTC 2026 :: 25128 :: activity
Thu Jul 16 11:18:15 UTC 2026 :: 8843 :: activity
Thu Jul 16 14:58:04 UTC 2026 :: 32449 :: activity
Thu Jul 16 14:59:41 UTC 2026 :: 24753 :: activity
Thu Jul 16 15:03:09 UTC 2026 :: 5059 :: activity
Thu Jul 16 15:06:58 UTC 2026 :: 10148 :: activity
Thu Jul 16 15:08:43 UTC 2026 :: 16332 :: activity
Thu Jul 16 15:09:31 UTC 2026 :: 24008 :: activity
Thu Jul 16 15:10:36 UTC 2026 :: 24197 :: activity
Thu Jul 16 16:26:18 UTC 2026 :: 19931 :: activity
Thu Jul 16 16:28:25 UTC 2026 :: 26834 :: activity
Thu Jul 16 16:31:56 UTC 2026 :: 10185 :: activity
Thu Jul 16 16:35:29 UTC 2026 :: 10942 :: activity
Thu Jul 16 16:50:16 UTC 2026 :: 10967 :: activity
Thu Jul 16 16:51:59 UTC 2026 :: 14282 :: activity
Thu Jul 16 22:18:17 UTC 2026 :: 28020 :: activity
Fri Jul 17 04:04:35 UTC 2026 :: 23055 :: activity
Fri Jul 17 08:42:30 UTC 2026 :: 18257 :: activity
Fri Jul 17 08:43:27 UTC 2026 :: 26261 :: activity
Fri Jul 17 08:47:32 UTC 2026 :: 10685 :: activity
Fri Jul 17 11:15:56 UTC 2026 :: 6049 :: activity
Fri Jul 17 14:31:10 UTC 2026 :: 30362 :: activity
Fri Jul 17 14:35:05 UTC 2026 :: 9811 :: activity
Fri Jul 17 14:36:16 UTC 2026 :: 31002 :: activity
Fri Jul 17 14:40:53 UTC 2026 :: 12732 :: activity
Fri Jul 17 16:46:03 UTC 2026 :: 2604 :: activity
Fri Jul 17 16:51:48 UTC 2026 :: 28335 :: activity
Fri Jul 17 22:20:26 UTC 2026 :: 18502 :: activity
Fri Jul 17 22:24:38 UTC 2026 :: 1589 :: activity
Sat Jul 18 03:19:20 UTC 2026 :: 27621 :: activity
Sat Jul 18 03:20:05 UTC 2026 :: 11970 :: activity
Sat Jul 18 03:23:39 UTC 2026 :: 19974 :: activity
Sat Jul 18 03:27:31 UTC 2026 :: 13977 :: activity
Sat Jul 18 03:29:18 UTC 2026 :: 28904 :: activity
Sat Jul 18 08:40:07 UTC 2026 :: 12015 :: activity
Sat Jul 18 08:45:22 UTC 2026 :: 11533 :: activity
Sat Jul 18 08:51:24 UTC 2026 :: 16644 :: activity
Sat Jul 18 10:40:26 UTC 2026 :: 9754 :: activity
Sat Jul 18 10:41:45 UTC 2026 :: 4729 :: activity
Sat Jul 18 10:43:17 UTC 2026 :: 23480 :: activity
Sat Jul 18 10:44:22 UTC 2026 :: 4289 :: activity
Sat Jul 18 10:46:50 UTC 2026 :: 23585 :: activity
Sat Jul 18 10:49:33 UTC 2026 :: 15232 :: activity
Sat Jul 18 10:53:17 UTC 2026 :: 22980 :: activity
Sat Jul 18 13:41:14 UTC 2026 :: 7173 :: activity
Sat Jul 18 13:43:30 UTC 2026 :: 27085 :: activity
Sat Jul 18 16:06:32 UTC 2026 :: 29788 :: activity
Sat Jul 18 19:37:49 UTC 2026 :: 10227 :: activity
Sun Jul 19 09:05:12 UTC 2026 :: 3617 :: activity
Sun Jul 19 09:09:08 UTC 2026 :: 13115 :: activity
Sun Jul 19 09:14:04 UTC 2026 :: 13818 :: activity
Sun Jul 19 11:15:36 UTC 2026 :: 17455 :: activity
Sun Jul 19 11:20:08 UTC 2026 :: 31265 :: activity
Sun Jul 19 11:21:20 UTC 2026 :: 26770 :: activity
Sun Jul 19 13:44:43 UTC 2026 :: 12996 :: activity
Sun Jul 19 13:48:20 UTC 2026 :: 17679 :: activity
Sun Jul 19 13:51:32 UTC 2026 :: 18534 :: activity
Sun Jul 19 13:54:36 UTC 2026 :: 26226 :: activity
Sun Jul 19 16:44:23 UTC 2026 :: 30634 :: activity
Sun Jul 19 16:45:38 UTC 2026 :: 26205 :: activity
Sun Jul 19 16:46:16 UTC 2026 :: 10531 :: activity
Sun Jul 19 16:51:55 UTC 2026 :: 5562 :: activity
Sun Jul 19 16:57:25 UTC 2026 :: 11358 :: activity
Sun Jul 19 19:43:31 UTC 2026 :: 24853 :: activity
Sun Jul 19 22:42:07 UTC 2026 :: 2624 :: activity
Mon Jul 20 04:27:15 UTC 2026 :: 12821 :: activity
Mon Jul 20 04:28:11 UTC 2026 :: 8309 :: activity
Mon Jul 20 10:13:28 UTC 2026 :: 9857 :: activity
Mon Jul 20 10:15:24 UTC 2026 :: 17168 :: activity
Mon Jul 20 10:18:43 UTC 2026 :: 30171 :: activity
Mon Jul 20 14:40:35 UTC 2026 :: 2194 :: activity
Mon Jul 20 14:42:00 UTC 2026 :: 31143 :: activity
Mon Jul 20 14:50:39 UTC 2026 :: 1219 :: activity
Mon Jul 20 14:52:36 UTC 2026 :: 12157 :: activity
Mon Jul 20 17:21:24 UTC 2026 :: 23821 :: activity
Mon Jul 20 17:21:56 UTC 2026 :: 29732 :: activity
Tue Jul 21 03:48:31 UTC 2026 :: 6060 :: activity
Tue Jul 21 08:48:03 UTC 2026 :: 3949 :: activity
Tue Jul 21 08:48:42 UTC 2026 :: 19095 :: activity
Tue Jul 21 08:50:16 UTC 2026 :: 11438 :: activity
Tue Jul 21 08:52:23 UTC 2026 :: 14894 :: activity
Tue Jul 21 08:53:07 UTC 2026 :: 31122 :: activity
Tue Jul 21 08:56:16 UTC 2026 :: 14666 :: activity
Tue Jul 21 09:02:29 UTC 2026 :: 2664 :: activity
Tue Jul 21 09:04:50 UTC 2026 :: 27991 :: activity
Tue Jul 21 11:54:48 UTC 2026 :: 21906 :: activity
Tue Jul 21 11:56:34 UTC 2026 :: 17255 :: activity
Tue Jul 21 11:59:16 UTC 2026 :: 31599 :: activity
Tue Jul 21 12:13:32 UTC 2026 :: 1075 :: activity
Tue Jul 21 12:16:42 UTC 2026 :: 7545 :: activity
Tue Jul 21 14:44:18 UTC 2026 :: 26995 :: activity
Tue Jul 21 14:47:51 UTC 2026 :: 22689 :: activity
Tue Jul 21 14:50:15 UTC 2026 :: 30000 :: activity
Tue Jul 21 14:53:08 UTC 2026 :: 24364 :: activity
Tue Jul 21 14:57:46 UTC 2026 :: 7038 :: activity
Tue Jul 21 17:07:56 UTC 2026 :: 25763 :: activity
Tue Jul 21 17:12:44 UTC 2026 :: 27603 :: activity
Tue Jul 21 17:16:57 UTC 2026 :: 2455 :: activity
Tue Jul 21 22:17:09 UTC 2026 :: 12400 :: activity
Wed Jul 22 09:10:11 UTC 2026 :: 17309 :: activity
Wed Jul 22 09:11:06 UTC 2026 :: 27239 :: activity
Wed Jul 22 09:12:40 UTC 2026 :: 2924 :: activity
Wed Jul 22 09:13:54 UTC 2026 :: 12949 :: activity
Wed Jul 22 09:16:19 UTC 2026 :: 27893 :: activity
Wed Jul 22 11:26:02 UTC 2026 :: 2082 :: activity
Wed Jul 22 11:28:03 UTC 2026 :: 6423 :: activity
Wed Jul 22 11:31:27 UTC 2026 :: 24432 :: activity
Wed Jul 22 11:32:22 UTC 2026 :: 15917 :: activity
Wed Jul 22 15:07:13 UTC 2026 :: 25723 :: activity
Wed Jul 22 15:10:21 UTC 2026 :: 25848 :: activity
Wed Jul 22 16:42:24 UTC 2026 :: 18582 :: activity
Wed Jul 22 16:45:18 UTC 2026 :: 649 :: activity
Wed Jul 22 16:46:58 UTC 2026 :: 27152 :: activity
Wed Jul 22 16:49:28 UTC 2026 :: 24543 :: activity
Wed Jul 22 19:41:52 UTC 2026 :: 13383 :: activity
Thu Jul 23 03:51:28 UTC 2026 :: 21997 :: activity
Thu Jul 23 03:52:17 UTC 2026 :: 20700 :: activity
Thu Jul 23 09:19:20 UTC 2026 :: 9436 :: activity
Thu Jul 23 09:20:59 UTC 2026 :: 20408 :: activity
Thu Jul 23 09:22:22 UTC 2026 :: 11042 :: activity
Thu Jul 23 09:23:21 UTC 2026 :: 1993 :: activity
Thu Jul 23 09:25:07 UTC 2026 :: 1393 :: activity
Thu Jul 23 09:26:41 UTC 2026 :: 18782 :: activity
Thu Jul 23 09:28:23 UTC 2026 :: 3914 :: activity
